# JRE version: OpenJDK Runtime Environment (10.0.2+13) (build 10.0.2+13)
# Java VM: OpenJDK Server VM (10.0.2+13, mixed mode, emulated-client, serial gc, windows-x86)
Heap:
 def new generation   total 19712K, used 15316K [0x05800000, 0x06d60000, 0x1ad50000)
  eden space 17536K,  74% used [0x05800000, 0x064d51f8, 0x06920000)
  from space 2176K, 100% used [0x06920000, 0x06b40000, 0x06b40000)
  to   space 2176K,   0% used [0x06b40000, 0x06b40000, 0x06d60000)
 tenured generation   total 43712K, used 22964K [0x1ad50000, 0x1d800000, 0x45800000)
   the space 43712K,  52% used [0x1ad50000, 0x1c3bd140, 0x1c3bd200, 0x1d800000)
 Metaspace       used 24417K, capacity 24592K, committed 24832K, reserved 24960K
GC Heap History (10 events):
Event: 1529.618 GC heap before
{Heap before GC invocations=17 (full 5):
 def new generation   total 19712K, used 18978K [0x05800000, 0x06d60000, 0x1ad50000)
  eden space 17536K, 100% used [0x05800000, 0x06920000, 0x06920000)
  from space 2176K,  66% used [0x06b40000, 0x06ca8aa8, 0x06d60000)
  to   space 2176K,   0% used [0x06920000, 0x06920000, 0x06b40000)
 tenured generation   total 43712K, used 20781K [0x1ad50000, 0x1d800000, 0x45800000)
   the space 43712K,  47% used [0x1ad50000, 0x1c19b598, 0x1c19b600, 0x1d800000)
 Metaspace       used 23590K, capacity 23757K, committed 24064K, reserved 24960K
}
Event: 1529.621 GC heap after
{Heap after GC invocations=18 (full 5):
 def new generation   total 19712K, used 1245K [0x05800000, 0x06d60000, 0x1ad50000)
  eden space 17536K,   0% used [0x05800000, 0x05800000, 0x06920000)
  from space 2176K,  57% used [0x06920000, 0x06a574d8, 0x06b40000)
  to   space 2176K,   0% used [0x06b40000, 0x06b40000, 0x06d60000)
 tenured generation   total 43712K, used 21233K [0x1ad50000, 0x1d800000, 0x45800000)
   the space 43712K,  48% used [0x1ad50000, 0x1c20c548, 0x1c20c600, 0x1d800000)
 Metaspace       used 23590K, capacity 23757K, committed 24064K, reserved 24960K
}
Event: 1665.587 GC heap before
{Heap before GC invocations=18 (full 5):
 def new generation   total 19712K, used 18781K [0x05800000, 0x06d60000, 0x1ad50000)
  eden space 17536K, 100% used [0x05800000, 0x06920000, 0x06920000)
  from space 2176K,  57% used [0x06920000, 0x06a574d8, 0x06b40000)
  to   space 2176K,   0% used [0x06b40000, 0x06b40000, 0x06d60000)
 tenured generation   total 43712K, used 21233K [0x1ad50000, 0x1d800000, 0x45800000)
   the space 43712K,  48% used [0x1ad50000, 0x1c20c548, 0x1c20c600, 0x1d800000)
 Metaspace       used 23591K, capacity 23757K, committed 24064K, reserved 24960K
}
Event: 1665.590 GC heap after
{Heap after GC invocations=19 (full 5):
 def new generation   total 19712K, used 1006K [0x05800000, 0x06d60000, 0x1ad50000)
  eden space 17536K,   0% used [0x05800000, 0x05800000, 0x06920000)
  from space 2176K,  46% used [0x06b40000, 0x06c3b9d0, 0x06d60000)
  to   space 2176K,   0% used [0x06920000, 0x06920000, 0x06b40000)
 tenured generation   total 43712K, used 21689K [0x1ad50000, 0x1d800000, 0x45800000)
   the space 43712K,  49% used [0x1ad50000, 0x1c27e6a0, 0x1c27e800, 0x1d800000)
 Metaspace       used 23591K, capacity 23757K, committed 24064K, reserved 24960K
}
Event: 1780.256 GC heap before
{Heap before GC invocations=19 (full 5):
 def new generation   total 19712K, used 18542K [0x05800000, 0x06d60000, 0x1ad50000)
  eden space 17536K, 100% used [0x05800000, 0x06920000, 0x06920000)
  from space 2176K,  46% used [0x06b40000, 0x06c3b9d0, 0x06d60000)
  to   space 2176K,   0% used [0x06920000, 0x06920000, 0x06b40000)
 tenured generation   total 43712K, used 21689K [0x1ad50000, 0x1d800000, 0x45800000)
   the space 43712K,  49% used [0x1ad50000, 0x1c27e6a0, 0x1c27e800, 0x1d800000)
 Metaspace       used 23591K, capacity 23757K, committed 24064K, reserved 24960K
}
Event: 1780.258 GC heap after
{Heap after GC invocations=20 (full 5):
 def new generation   total 19712K, used 1101K [0x05800000, 0x06d60000, 0x1ad50000)
  eden space 17536K,   0% used [0x05800000, 0x05800000, 0x06920000)
  from space 2176K,  50% used [0x06920000, 0x06a33700, 0x06b40000)
  to   space 2176K,   0% used [0x06b40000, 0x06b40000, 0x06d60000)
 tenured generation   total 43712K, used 21689K [0x1ad50000, 0x1d800000, 0x45800000)
   the space 43712K,  49% used [0x1ad50000, 0x1c27e6a0, 0x1c27e800, 0x1d800000)
 Metaspace       used 23591K, capacity 23757K, committed 24064K, reserved 24960K
}
Event: 1888.112 GC heap before
{Heap before GC invocations=20 (full 5):
 def new generation   total 19712K, used 18637K [0x05800000, 0x06d60000, 0x1ad50000)
  eden space 17536K, 100% used [0x05800000, 0x06920000, 0x06920000)
  from space 2176K,  50% used [0x06920000, 0x06a33700, 0x06b40000)
  to   space 2176K,   0% used [0x06b40000, 0x06b40000, 0x06d60000)
 tenured generation   total 43712K, used 21689K [0x1ad50000, 0x1d800000, 0x45800000)
   the space 43712K,  49% used [0x1ad50000, 0x1c27e6a0, 0x1c27e800, 0x1d800000)
 Metaspace       used 23593K, capacity 23760K, committed 24064K, reserved 24960K
}
Event: 1888.114 GC heap after
{Heap after GC invocations=21 (full 5):
 def new generation   total 19712K, used 1125K [0x05800000, 0x06d60000, 0x1ad50000)
  eden space 17536K,   0% used [0x05800000, 0x05800000, 0x06920000)
  from space 2176K,  51% used [0x06b40000, 0x06c597d8, 0x06d60000)
  to   space 2176K,   0% used [0x06920000, 0x06920000, 0x06b40000)
 tenured generation   total 43712K, used 21712K [0x1ad50000, 0x1d800000, 0x45800000)
   the space 43712K,  49% used [0x1ad50000, 0x1c284168, 0x1c284200, 0x1d800000)
 Metaspace       used 23593K, capacity 23760K, committed 24064K, reserved 24960K
}
Event: 1963.061 GC heap before
{Heap before GC invocations=21 (full 5):
 def new generation   total 19712K, used 18661K [0x05800000, 0x06d60000, 0x1ad50000)
  eden space 17536K, 100% used [0x05800000, 0x06920000, 0x06920000)
  from space 2176K,  51% used [0x06b40000, 0x06c597d8, 0x06d60000)
  to   space 2176K,   0% used [0x06920000, 0x06920000, 0x06b40000)
 tenured generation   total 43712K, used 21712K [0x1ad50000, 0x1d800000, 0x45800000)
   the space 43712K,  49% used [0x1ad50000, 0x1c284168, 0x1c284200, 0x1d800000)
 Metaspace       used 24029K, capacity 24208K, committed 24448K, reserved 24960K
}
Event: 1963.066 GC heap after
{Heap after GC invocations=22 (full 5):
 def new generation   total 19712K, used 2176K [0x05800000, 0x06d60000, 0x1ad50000)
  eden space 17536K,   0% used [0x05800000, 0x05800000, 0x06920000)
  from space 2176K, 100% used [0x06920000, 0x06b40000, 0x06b40000)
  to   space 2176K,   0% used [0x06b40000, 0x06b40000, 0x06d60000)
 tenured generation   total 43712K, used 22964K [0x1ad50000, 0x1d800000, 0x45800000)
   the space 43712K,  52% used [0x1ad50000, 0x1c3bd140, 0x1c3bd200, 0x1d800000)
 Metaspace       used 24029K, capacity 24208K, committed 24448K, reserved 24960K
}

